<?xml version="1.0" encoding="UTF-8"?>
<!-- Generated by org.testng.reporters.JUnitReportReporter -->
<testsuite hostname="prajakta-ubuntu" failures="0" tests="1" name="com.framework.tests.SampleTest" time="5.327" errors="0" timestamp="9 Aug 2022 06:06:39 GMT">
  <testcase classname="com.framework.tests.SampleTest" name="sampleTest1" time="5.327"/>
</testsuite> <!-- com.framework.tests.SampleTest -->
